Command line invocation:
    /Applications/Xcode.app/Contents/Developer/usr/bin/xcodebuild -project Numby/Numby.xcodeproj -scheme Numby -destination id=C4E40C93-1CF6-4974-A5C5-58516D95936D clean build ONLY_ACTIVE_ARCH=NO

Build settings from command line:
    ONLY_ACTIVE_ARCH = NO

CreateBuildRequest

SendProjectDescription

CreateBuildOperation

** CLEAN SUCCEEDED **

ComputePackagePrebuildTargetDependencyGraph

Prepare packages

CreateBuildRequest

SendProjectDescription

CreateBuildOperation

ComputeTargetDependencyGraph
note: Building targets in dependency order
note: Target dependency graph (1 target)
    Target 'Numby' in project 'Numby' (no dependencies)

GatherProvisioningInputs

CreateBuildDescription

ExecuteExternalTool /Applications/Xcode.app/Contents/Developer/Toolchains/XcodeDefault.xctoolchain/usr/bin/clang -v -E -dM -isysroot /Applications/Xcode.app/Contents/Developer/Platforms/iPhoneSimulator.platform/Developer/SDKs/iPhoneSimulator26.1.sdk -x c -c /dev/null

ExecuteExternalTool /Applications/Xcode.app/Contents/Developer/usr/bin/momc --dry-run --action generate --swift-version 5.0 --sdkroot /Applications/Xcode.app/Contents/Developer/Platforms/iPhoneSimulator.platform/Developer/SDKs/iPhoneSimulator26.1.sdk --iphonesimulator-deployment-target 17.0 --module Numby /Users/uyakauleu/vivy/opensource/numby/Numby/Numby/Numby.xcdatamodeld /Users/uyakauleu/Library/Developer/Xcode/DerivedData/Numby-chkvymqtmudndggkbqchmwptldri/Build/Intermediates.noindex/Numby.build/Debug-iphonesimulator/Numby.build/DerivedSources/CoreDataGenerated/Numby

ExecuteExternalTool /Applications/Xcode.app/Contents/Developer/usr/bin/actool --print-asset-tag-combinations --output-format xml1 /Users/uyakauleu/vivy/opensource/numby/Numby/Numby/Assets.xcassets

ExecuteExternalTool /Applications/Xcode.app/Contents/Developer/usr/bin/actool --version --output-format xml1

ExecuteExternalTool /Applications/Xcode.app/Contents/Developer/Toolchains/XcodeDefault.xctoolchain/usr/bin/swiftc --version

ExecuteExternalTool /Applications/Xcode.app/Contents/Developer/Toolchains/XcodeDefault.xctoolchain/usr/bin/ld -version_details

Build description signature: 16392903a32fc622f0ae7a50fdac0ee2
Build description path: /Users/uyakauleu/Library/Developer/Xcode/DerivedData/Numby-chkvymqtmudndggkbqchmwptldri/Build/Intermediates.noindex/XCBuildData/16392903a32fc622f0ae7a50fdac0ee2.xcbuilddata
ClangStatCache /Applications/Xcode.app/Contents/Developer/Toolchains/XcodeDefault.xctoolchain/usr/bin/clang-stat-cache /Applications/Xcode.app/Contents/Developer/Platforms/iPhoneSimulator.platform/Developer/SDKs/iPhoneSimulator26.1.sdk /Users/uyakauleu/Library/Developer/Xcode/DerivedData/SDKStatCaches.noindex/iphonesimulator26.1-23B77-3885c01c3e6b6a337905948deab2002e90cf18a4295e390e64c810bc6bd7acbc.sdkstatcache
    cd /Users/uyakauleu/vivy/opensource/numby/Numby/Numby.xcodeproj
    /Applications/Xcode.app/Contents/Developer/Toolchains/XcodeDefault.xctoolchain/usr/bin/clang-stat-cache /Applications/Xcode.app/Contents/Developer/Platforms/iPhoneSimulator.platform/Developer/SDKs/iPhoneSimulator26.1.sdk -o /Users/uyakauleu/Library/Developer/Xcode/DerivedData/SDKStatCaches.noindex/iphonesimulator26.1-23B77-3885c01c3e6b6a337905948deab2002e90cf18a4295e390e64c810bc6bd7acbc.sdkstatcache

CreateBuildDirectory /Users/uyakauleu/Library/Developer/Xcode/DerivedData/Numby-chkvymqtmudndggkbqchmwptldri/Build/Products
    cd /Users/uyakauleu/vivy/opensource/numby/Numby/Numby.xcodeproj
    builtin-create-build-directory /Users/uyakauleu/Library/Developer/Xcode/DerivedData/Numby-chkvymqtmudndggkbqchmwptldri/Build/Products

CreateBuildDirectory /Users/uyakauleu/Library/Developer/Xcode/DerivedData/Numby-chkvymqtmudndggkbqchmwptldri/Build/Intermediates.noindex
    cd /Users/uyakauleu/vivy/opensource/numby/Numby/Numby.xcodeproj
    builtin-create-build-directory /Users/uyakauleu/Library/Developer/Xcode/DerivedData/Numby-chkvymqtmudndggkbqchmwptldri/Build/Intermediates.noindex

CreateBuildDirectory /Users/uyakauleu/Library/Developer/Xcode/DerivedData/Numby-chkvymqtmudndggkbqchmwptldri/Build/Intermediates.noindex/SwiftExplicitPrecompiledModules
    cd /Users/uyakauleu/vivy/opensource/numby/Numby/Numby.xcodeproj
    builtin-create-build-directory /Users/uyakauleu/Library/Developer/Xcode/DerivedData/Numby-chkvymqtmudndggkbqchmwptldri/Build/Intermediates.noindex/SwiftExplicitPrecompiledModules

CreateBuildDirectory /Users/uyakauleu/Library/Developer/Xcode/DerivedData/Numby-chkvymqtmudndggkbqchmwptldri/Build/Intermediates.noindex/ExplicitPrecompiledModules
    cd /Users/uyakauleu/vivy/opensource/numby/Numby/Numby.xcodeproj
    builtin-create-build-directory /Users/uyakauleu/Library/Developer/Xcode/DerivedData/Numby-chkvymqtmudndggkbqchmwptldri/Build/Intermediates.noindex/ExplicitPrecompiledModules

CreateBuildDirectory /Users/uyakauleu/Library/Developer/Xcode/DerivedData/Numby-chkvymqtmudndggkbqchmwptldri/Build/Intermediates.noindex/EagerLinkingTBDs/Debug-iphonesimulator
    cd /Users/uyakauleu/vivy/opensource/numby/Numby/Numby.xcodeproj
    builtin-create-build-directory /Users/uyakauleu/Library/Developer/Xcode/DerivedData/Numby-chkvymqtmudndggkbqchmwptldri/Build/Intermediates.noindex/EagerLinkingTBDs/Debug-iphonesimulator

CreateBuildDirectory /Users/uyakauleu/Library/Developer/Xcode/DerivedData/Numby-chkvymqtmudndggkbqchmwptldri/Build/Products/Debug-iphonesimulator
    cd /Users/uyakauleu/vivy/opensource/numby/Numby/Numby.xcodeproj
    builtin-create-build-directory /Users/uyakauleu/Library/Developer/Xcode/DerivedData/Numby-chkvymqtmudndggkbqchmwptldri/Build/Products/Debug-iphonesimulator

WriteAuxiliaryFile /Users/uyakauleu/Library/Developer/Xcode/DerivedData/Numby-chkvymqtmudndggkbqchmwptldri/Build/Intermediates.noindex/Numby.build/Debug-iphonesimulator/Numby-4f96ed90e422b584b3f3d2766d55547a-VFS-iphonesimulator/all-product-headers.yaml
    cd /Users/uyakauleu/vivy/opensource/numby/Numby/Numby.xcodeproj
    write-file /Users/uyakauleu/Library/Developer/Xcode/DerivedData/Numby-chkvymqtmudndggkbqchmwptldri/Build/Intermediates.noindex/Numby.build/Debug-iphonesimulator/Numby-4f96ed90e422b584b3f3d2766d55547a-VFS-iphonesimulator/all-product-headers.yaml

WriteAuxiliaryFile /Users/uyakauleu/Library/Developer/Xcode/DerivedData/Numby-chkvymqtmudndggkbqchmwptldri/Build/Intermediates.noindex/Numby.build/Debug-iphonesimulator/Numby.build/Numby.hmap (in target 'Numby' from project 'Numby')
    cd /Users/uyakauleu/vivy/opensource/numby/Numby
    write-file /Users/uyakauleu/Library/Developer/Xcode/DerivedData/Numby-chkvymqtmudndggkbqchmwptldri/Build/Intermediates.noindex/Numby.build/Debug-iphonesimulator/Numby.build/Numby.hmap

WriteAuxiliaryFile /Users/uyakauleu/Library/Developer/Xcode/DerivedData/Numby-chkvymqtmudndggkbqchmwptldri/Build/Intermediates.noindex/Numby.build/Debug-iphonesimulator/Numby.build/empty-Numby.plist (in target 'Numby' from project 'Numby')
    cd /Users/uyakauleu/vivy/opensource/numby/Numby
    write-file /Users/uyakauleu/Library/Developer/Xcode/DerivedData/Numby-chkvymqtmudndggkbqchmwptldri/Build/Intermediates.noindex/Numby.build/Debug-iphonesimulator/Numby.build/empty-Numby.plist

WriteAuxiliaryFile /Users/uyakauleu/Library/Developer/Xcode/DerivedData/Numby-chkvymqtmudndggkbqchmwptldri/Build/Intermediates.noindex/Numby.build/Debug-iphonesimulator/Numby.build/Numby-project-headers.hmap (in target 'Numby' from project 'Numby')
    cd /Users/uyakauleu/vivy/opensource/numby/Numby
    write-file /Users/uyakauleu/Library/Developer/Xcode/DerivedData/Numby-chkvymqtmudndggkbqchmwptldri/Build/Intermediates.noindex/Numby.build/Debug-iphonesimulator/Numby.build/Numby-project-headers.hmap

WriteAuxiliaryFile /Users/uyakauleu/Library/Developer/Xcode/DerivedData/Numby-chkvymqtmudndggkbqchmwptldri/Build/Intermediates.noindex/Numby.build/Debug-iphonesimulator/Numby.build/Numby.DependencyStaticMetadataFileList (in target 'Numby' from project 'Numby')
    cd /Users/uyakauleu/vivy/opensource/numby/Numby
    write-file /Users/uyakauleu/Library/Developer/Xcode/DerivedData/Numby-chkvymqtmudndggkbqchmwptldri/Build/Intermediates.noindex/Numby.build/Debug-iphonesimulator/Numby.build/Numby.DependencyStaticMetadataFileList

WriteAuxiliaryFile /Users/uyakauleu/Library/Developer/Xcode/DerivedData/Numby-chkvymqtmudndggkbqchmwptldri/Build/Intermediates.noindex/Numby.build/Debug-iphonesimulator/Numby.build/Objects-normal/arm64/Numby-OutputFileMap.json (in target 'Numby' from project 'Numby')
    cd /Users/uyakauleu/vivy/opensource/numby/Numby
    write-file /Users/uyakauleu/Library/Developer/Xcode/DerivedData/Numby-chkvymqtmudndggkbqchmwptldri/Build/Intermediates.noindex/Numby.build/Debug-iphonesimulator/Numby.build/Objects-normal/arm64/Numby-OutputFileMap.json

WriteAuxiliaryFile /Users/uyakauleu/Library/Developer/Xcode/DerivedData/Numby-chkvymqtmudndggkbqchmwptldri/Build/Intermediates.noindex/Numby.build/Debug-iphonesimulator/Numby.build/Objects-normal/arm64/Numby.LinkFileList (in target 'Numby' from project 'Numby')
    cd /Users/uyakauleu/vivy/opensource/numby/Numby
    write-file /Users/uyakauleu/Library/Developer/Xcode/DerivedData/Numby-chkvymqtmudndggkbqchmwptldri/Build/Intermediates.noindex/Numby.build/Debug-iphonesimulator/Numby.build/Objects-normal/arm64/Numby.LinkFileList

WriteAuxiliaryFile /Users/uyakauleu/Library/Developer/Xcode/DerivedData/Numby-chkvymqtmudndggkbqchmwptldri/Build/Intermediates.noindex/Numby.build/Debug-iphonesimulator/Numby.build/Objects-normal/arm64/Numby.SwiftConstValuesFileList (in target 'Numby' from project 'Numby')
    cd /Users/uyakauleu/vivy/opensource/numby/Numby
    write-file /Users/uyakauleu/Library/Developer/Xcode/DerivedData/Numby-chkvymqtmudndggkbqchmwptldri/Build/Intermediates.noindex/Numby.build/Debug-iphonesimulator/Numby.build/Objects-normal/arm64/Numby.SwiftConstValuesFileList

WriteAuxiliaryFile /Users/uyakauleu/Library/Developer/Xcode/DerivedData/Numby-chkvymqtmudndggkbqchmwptldri/Build/Intermediates.noindex/Numby.build/Debug-iphonesimulator/Numby.build/Objects-normal/arm64/Numby_const_extract_protocols.json (in target 'Numby' from project 'Numby')
    cd /Users/uyakauleu/vivy/opensource/numby/Numby
    write-file /Users/uyakauleu/Library/Developer/Xcode/DerivedData/Numby-chkvymqtmudndggkbqchmwptldri/Build/Intermediates.noindex/Numby.build/Debug-iphonesimulator/Numby.build/Objects-normal/arm64/Numby_const_extract_protocols.json

WriteAuxiliaryFile /Users/uyakauleu/Library/Developer/Xcode/DerivedData/Numby-chkvymqtmudndggkbqchmwptldri/Build/Intermediates.noindex/Numby.build/Debug-iphonesimulator/Numby.build/Objects-normal/arm64/Numby.SwiftFileList (in target 'Numby' from project 'Numby')
    cd /Users/uyakauleu/vivy/opensource/numby/Numby
    write-file /Users/uyakauleu/Library/Developer/Xcode/DerivedData/Numby-chkvymqtmudndggkbqchmwptldri/Build/Intermediates.noindex/Numby.build/Debug-iphonesimulator/Numby.build/Objects-normal/arm64/Numby.SwiftFileList

WriteAuxiliaryFile /Users/uyakauleu/Library/Developer/Xcode/DerivedData/Numby-chkvymqtmudndggkbqchmwptldri/Build/Intermediates.noindex/Numby.build/Debug-iphonesimulator/Numby.build/Numby.DependencyMetadataFileList (in target 'Numby' from project 'Numby')
    cd /Users/uyakauleu/vivy/opensource/numby/Numby
    write-file /Users/uyakauleu/Library/Developer/Xcode/DerivedData/Numby-chkvymqtmudndggkbqchmwptldri/Build/Intermediates.noindex/Numby.build/Debug-iphonesimulator/Numby.build/Numby.DependencyMetadataFileList

WriteAuxiliaryFile /Users/uyakauleu/Library/Developer/Xcode/DerivedData/Numby-chkvymqtmudndggkbqchmwptldri/Build/Intermediates.noindex/Numby.build/Debug-iphonesimulator/Numby.build/Numby-own-target-headers.hmap (in target 'Numby' from project 'Numby')
    cd /Users/uyakauleu/vivy/opensource/numby/Numby
    write-file /Users/uyakauleu/Library/Developer/Xcode/DerivedData/Numby-chkvymqtmudndggkbqchmwptldri/Build/Intermediates.noindex/Numby.build/Debug-iphonesimulator/Numby.build/Numby-own-target-headers.hmap

WriteAuxiliaryFile /Users/uyakauleu/Library/Developer/Xcode/DerivedData/Numby-chkvymqtmudndggkbqchmwptldri/Build/Intermediates.noindex/Numby.build/Debug-iphonesimulator/Numby.build/Numby-generated-files.hmap (in target 'Numby' from project 'Numby')
    cd /Users/uyakauleu/vivy/opensource/numby/Numby
    write-file /Users/uyakauleu/Library/Developer/Xcode/DerivedData/Numby-chkvymqtmudndggkbqchmwptldri/Build/Intermediates.noindex/Numby.build/Debug-iphonesimulator/Numby.build/Numby-generated-files.hmap

WriteAuxiliaryFile /Users/uyakauleu/Library/Developer/Xcode/DerivedData/Numby-chkvymqtmudndggkbqchmwptldri/Build/Intermediates.noindex/Numby.build/Debug-iphonesimulator/Numby.build/Numby-all-target-headers.hmap (in target 'Numby' from project 'Numby')
    cd /Users/uyakauleu/vivy/opensource/numby/Numby
    write-file /Users/uyakauleu/Library/Developer/Xcode/DerivedData/Numby-chkvymqtmudndggkbqchmwptldri/Build/Intermediates.noindex/Numby.build/Debug-iphonesimulator/Numby.build/Numby-all-target-headers.hmap

MkDir /Users/uyakauleu/Library/Developer/Xcode/DerivedData/Numby-chkvymqtmudndggkbqchmwptldri/Build/Products/Debug-iphonesimulator/Numby.app (in target 'Numby' from project 'Numby')
    cd /Users/uyakauleu/vivy/opensource/numby/Numby
    /bin/mkdir -p /Users/uyakauleu/Library/Developer/Xcode/DerivedData/Numby-chkvymqtmudndggkbqchmwptldri/Build/Products/Debug-iphonesimulator/Numby.app

WriteAuxiliaryFile /Users/uyakauleu/Library/Developer/Xcode/DerivedData/Numby-chkvymqtmudndggkbqchmwptldri/Build/Intermediates.noindex/Numby.build/Debug-iphonesimulator/Numby.build/Numby-all-non-framework-target-headers.hmap (in target 'Numby' from project 'Numby')
    cd /Users/uyakauleu/vivy/opensource/numby/Numby
    write-file /Users/uyakauleu/Library/Developer/Xcode/DerivedData/Numby-chkvymqtmudndggkbqchmwptldri/Build/Intermediates.noindex/Numby.build/Debug-iphonesimulator/Numby.build/Numby-all-non-framework-target-headers.hmap

WriteAuxiliaryFile /Users/uyakauleu/Library/Developer/Xcode/DerivedData/Numby-chkvymqtmudndggkbqchmwptldri/Build/Intermediates.noindex/Numby.build/Debug-iphonesimulator/Numby.build/Numby-DebugDylibInstallName-normal-arm64.txt (in target 'Numby' from project 'Numby')
    cd /Users/uyakauleu/vivy/opensource/numby/Numby
    write-file /Users/uyakauleu/Library/Developer/Xcode/DerivedData/Numby-chkvymqtmudndggkbqchmwptldri/Build/Intermediates.noindex/Numby.build/Debug-iphonesimulator/Numby.build/Numby-DebugDylibInstallName-normal-arm64.txt

WriteAuxiliaryFile /Users/uyakauleu/Library/Developer/Xcode/DerivedData/Numby-chkvymqtmudndggkbqchmwptldri/Build/Intermediates.noindex/Numby.build/Debug-iphonesimulator/Numby.build/Numby-DebugDylibPath-normal-arm64.txt (in target 'Numby' from project 'Numby')
    cd /Users/uyakauleu/vivy/opensource/numby/Numby
    write-file /Users/uyakauleu/Library/Developer/Xcode/DerivedData/Numby-chkvymqtmudndggkbqchmwptldri/Build/Intermediates.noindex/Numby.build/Debug-iphonesimulator/Numby.build/Numby-DebugDylibPath-normal-arm64.txt

WriteAuxiliaryFile /Users/uyakauleu/Library/Developer/Xcode/DerivedData/Numby-chkvymqtmudndggkbqchmwptldri/Build/Intermediates.noindex/Numby.build/Debug-iphonesimulator/Numby.build/DerivedSources/Entitlements-Simulated.plist (in target 'Numby' from project 'Numby')
    cd /Users/uyakauleu/vivy/opensource/numby/Numby
    write-file /Users/uyakauleu/Library/Developer/Xcode/DerivedData/Numby-chkvymqtmudndggkbqchmwptldri/Build/Intermediates.noindex/Numby.build/Debug-iphonesimulator/Numby.build/DerivedSources/Entitlements-Simulated.plist

ProcessProductPackaging /Users/uyakauleu/vivy/opensource/numby/Numby/Numby/Numby.entitlements /Users/uyakauleu/Library/Developer/Xcode/DerivedData/Numby-chkvymqtmudndggkbqchmwptldri/Build/Intermediates.noindex/Numby.build/Debug-iphonesimulator/Numby.build/Numby.app.xcent (in target 'Numby' from project 'Numby')
    cd /Users/uyakauleu/vivy/opensource/numby/Numby
    
    Entitlements:
    
    {
}
    
    builtin-productPackagingUtility /Users/uyakauleu/vivy/opensource/numby/Numby/Numby/Numby.entitlements -entitlements -format xml -o /Users/uyakauleu/Library/Developer/Xcode/DerivedData/Numby-chkvymqtmudndggkbqchmwptldri/Build/Intermediates.noindex/Numby.build/Debug-iphonesimulator/Numby.build/Numby.app.xcent

ProcessProductPackaging /Users/uyakauleu/vivy/opensource/numby/Numby/Numby/Numby.entitlements /Users/uyakauleu/Library/Developer/Xcode/DerivedData/Numby-chkvymqtmudndggkbqchmwptldri/Build/Intermediates.noindex/Numby.build/Debug-iphonesimulator/Numby.build/Numby.app-Simulated.xcent (in target 'Numby' from project 'Numby')
    cd /Users/uyakauleu/vivy/opensource/numby/Numby
    
    Entitlements:
    
    {
    "application-identifier" = "QW4U57CXJX.vivy.app.Numby";
    "com.apple.developer.icloud-container-identifiers" =     (
        "iCloud.vivy.app.Numby"
    );
    "com.apple.developer.icloud-services" =     (
        CloudKit
    );
    "com.apple.developer.ubiquity-container-identifiers" =     (
        "iCloud.vivy.app.Numby"
    );
}
    
    builtin-productPackagingUtility /Users/uyakauleu/vivy/opensource/numby/Numby/Numby/Numby.entitlements -entitlements -format xml -o /Users/uyakauleu/Library/Developer/Xcode/DerivedData/Numby-chkvymqtmudndggkbqchmwptldri/Build/Intermediates.noindex/Numby.build/Debug-iphonesimulator/Numby.build/Numby.app-Simulated.xcent

ProcessProductPackagingDER /Users/uyakauleu/Library/Developer/Xcode/DerivedData/Numby-chkvymqtmudndggkbqchmwptldri/Build/Intermediates.noindex/Numby.build/Debug-iphonesimulator/Numby.build/Numby.app.xcent /Users/uyakauleu/Library/Developer/Xcode/DerivedData/Numby-chkvymqtmudndggkbqchmwptldri/Build/Intermediates.noindex/Numby.build/Debug-iphonesimulator/Numby.build/Numby.app.xcent.der (in target 'Numby' from project 'Numby')
    cd /Users/uyakauleu/vivy/opensource/numby/Numby
    /usr/bin/derq query -f xml -i /Users/uyakauleu/Library/Developer/Xcode/DerivedData/Numby-chkvymqtmudndggkbqchmwptldri/Build/Intermediates.noindex/Numby.build/Debug-iphonesimulator/Numby.build/Numby.app.xcent -o /Users/uyakauleu/Library/Developer/Xcode/DerivedData/Numby-chkvymqtmudndggkbqchmwptldri/Build/Intermediates.noindex/Numby.build/Debug-iphonesimulator/Numby.build/Numby.app.xcent.der --raw

ProcessProductPackagingDER /Users/uyakauleu/Library/Developer/Xcode/DerivedData/Numby-chkvymqtmudndggkbqchmwptldri/Build/Intermediates.noindex/Numby.build/Debug-iphonesimulator/Numby.build/Numby.app-Simulated.xcent /Users/uyakauleu/Library/Developer/Xcode/DerivedData/Numby-chkvymqtmudndggkbqchmwptldri/Build/Intermediates.noindex/Numby.build/Debug-iphonesimulator/Numby.build/Numby.app-Simulated.xcent.der (in target 'Numby' from project 'Numby')
    cd /Users/uyakauleu/vivy/opensource/numby/Numby
    /usr/bin/derq query -f xml -i /Users/uyakauleu/Library/Developer/Xcode/DerivedData/Numby-chkvymqtmudndggkbqchmwptldri/Build/Intermediates.noindex/Numby.build/Debug-iphonesimulator/Numby.build/Numby.app-Simulated.xcent -o /Users/uyakauleu/Library/Developer/Xcode/DerivedData/Numby-chkvymqtmudndggkbqchmwptldri/Build/Intermediates.noindex/Numby.build/Debug-iphonesimulator/Numby.build/Numby.app-Simulated.xcent.der --raw

Ld /Users/uyakauleu/Library/Developer/Xcode/DerivedData/Numby-chkvymqtmudndggkbqchmwptldri/Build/Products/Debug-iphonesimulator/Numby.app/__preview.dylib normal (in target 'Numby' from project 'Numby')
    cd /Users/uyakauleu/vivy/opensource/numby/Numby
    /Applications/Xcode.app/Contents/Developer/Toolchains/XcodeDefault.xctoolchain/usr/bin/clang -Xlinker -reproducible -target arm64-apple-ios17.0-simulator -dynamiclib -isysroot /Applications/Xcode.app/Contents/Developer/Platforms/iPhoneSimulator.platform/Developer/SDKs/iPhoneSimulator26.1.sdk -O0 -L/Users/uyakauleu/Library/Developer/Xcode/DerivedData/Numby-chkvymqtmudndggkbqchmwptldri/Build/Products/Debug-iphonesimulator -L/Users/uyakauleu/vivy/opensource/numby/Numby/Frameworks -L/Users/uyakauleu/vivy/opensource/numby/Numby/Numby -L/Users/uyakauleu/vivy/opensource/numby/Numby/Numby/iOS -F/Users/uyakauleu/Library/Developer/Xcode/DerivedData/Numby-chkvymqtmudndggkbqchmwptldri/Build/Products/Debug-iphonesimulator -install_name @rpath/Numby.debug.dylib -dead_strip -rdynamic -Xlinker -no_deduplicate -Xlinker -objc_abi_version -Xlinker 2 -Xlinker -debug_variant -Xlinker -dependency_info -Xlinker /Users/uyakauleu/Library/Developer/Xcode/DerivedData/Numby-chkvymqtmudndggkbqchmwptldri/Build/Intermediates.noindex/Numby.build/Debug-iphonesimulator/Numby.build/Objects-normal/arm64/Numby_dependency_info.dat -Xlinker -sectcreate -Xlinker __TEXT -Xlinker __entitlements -Xlinker /Users/uyakauleu/Library/Developer/Xcode/DerivedData/Numby-chkvymqtmudndggkbqchmwptldri/Build/Intermediates.noindex/Numby.build/Debug-iphonesimulator/Numby.build/Numby.app-Simulated.xcent -Xlinker -sectcreate -Xlinker __TEXT -Xlinker __ents_der -Xlinker /Users/uyakauleu/Library/Developer/Xcode/DerivedData/Numby-chkvymqtmudndggkbqchmwptldri/Build/Intermediates.noindex/Numby.build/Debug-iphonesimulator/Numby.build/Numby.app-Simulated.xcent.der -Xlinker -no_adhoc_codesign -o /Users/uyakauleu/Library/Developer/Xcode/DerivedData/Numby-chkvymqtmudndggkbqchmwptldri/Build/Products/Debug-iphonesimulator/Numby.app/__preview.dylib
ld: warning: search path '/Users/uyakauleu/vivy/opensource/numby/Numby/Frameworks' not found

MkDir /Users/uyakauleu/Library/Developer/Xcode/DerivedData/Numby-chkvymqtmudndggkbqchmwptldri/Build/Intermediates.noindex/Numby.build/Debug-iphonesimulator/Numby.build/assetcatalog_output/thinned (in target 'Numby' from project 'Numby')
    cd /Users/uyakauleu/vivy/opensource/numby/Numby
    /bin/mkdir -p /Users/uyakauleu/Library/Developer/Xcode/DerivedData/Numby-chkvymqtmudndggkbqchmwptldri/Build/Intermediates.noindex/Numby.build/Debug-iphonesimulator/Numby.build/assetcatalog_output/thinned

MkDir /Users/uyakauleu/Library/Developer/Xcode/DerivedData/Numby-chkvymqtmudndggkbqchmwptldri/Build/Intermediates.noindex/Numby.build/Debug-iphonesimulator/Numby.build/assetcatalog_output/unthinned (in target 'Numby' from project 'Numby')
    cd /Users/uyakauleu/vivy/opensource/numby/Numby
    /bin/mkdir -p /Users/uyakauleu/Library/Developer/Xcode/DerivedData/Numby-chkvymqtmudndggkbqchmwptldri/Build/Intermediates.noindex/Numby.build/Debug-iphonesimulator/Numby.build/assetcatalog_output/unthinned

GenerateAssetSymbols /Users/uyakauleu/vivy/opensource/numby/Numby/Numby/Assets.xcassets (in target 'Numby' from project 'Numby')
    cd /Users/uyakauleu/vivy/opensource/numby/Numby
    /Applications/Xcode.app/Contents/Developer/usr/bin/actool /Users/uyakauleu/vivy/opensource/numby/Numby/Numby/Assets.xcassets --compile /Users/uyakauleu/Library/Developer/Xcode/DerivedData/Numby-chkvymqtmudndggkbqchmwptldri/Build/Products/Debug-iphonesimulator/Numby.app --output-format human-readable-text --notices --warnings --export-dependency-info /Users/uyakauleu/Library/Developer/Xcode/DerivedData/Numby-chkvymqtmudndggkbqchmwptldri/Build/Intermediates.noindex/Numby.build/Debug-iphonesimulator/Numby.build/assetcatalog_dependencies --output-partial-info-plist /Users/uyakauleu/Library/Developer/Xcode/DerivedData/Numby-chkvymqtmudndggkbqchmwptldri/Build/Intermediates.noindex/Numby.build/Debug-iphonesimulator/Numby.build/assetcatalog_generated_info.plist --app-icon AppIcon --accent-color AccentColor --compress-pngs --enable-on-demand-resources YES --development-region en --target-device iphone --target-device ipad --minimum-deployment-target 17.0 --platform iphonesimulator --bundle-identifier vivy.app.Numby --generate-swift-asset-symbols /Users/uyakauleu/Library/Developer/Xcode/DerivedData/Numby-chkvymqtmudndggkbqchmwptldri/Build/Intermediates.noindex/Numby.build/Debug-iphonesimulator/Numby.build/DerivedSources/GeneratedAssetSymbols.swift --generate-objc-asset-symbols /Users/uyakauleu/Library/Developer/Xcode/DerivedData/Numby-chkvymqtmudndggkbqchmwptldri/Build/Intermediates.noindex/Numby.build/Debug-iphonesimulator/Numby.build/DerivedSources/GeneratedAssetSymbols.h --generate-asset-symbol-index /Users/uyakauleu/Library/Developer/Xcode/DerivedData/Numby-chkvymqtmudndggkbqchmwptldri/Build/Intermediates.noindex/Numby.build/Debug-iphonesimulator/Numby.build/DerivedSources/GeneratedAssetSymbols-Index.plist
/* com.apple.actool.compilation-results */
/Users/uyakauleu/Library/Developer/Xcode/DerivedData/Numby-chkvymqtmudndggkbqchmwptldri/Build/Intermediates.noindex/Numby.build/Debug-iphonesimulator/Numby.build/DerivedSources/GeneratedAssetSymbols-Index.plist
/Users/uyakauleu/Library/Developer/Xcode/DerivedData/Numby-chkvymqtmudndggkbqchmwptldri/Build/Intermediates.noindex/Numby.build/Debug-iphonesimulator/Numby.build/DerivedSources/GeneratedAssetSymbols.h
/Users/uyakauleu/Library/Developer/Xcode/DerivedData/Numby-chkvymqtmudndggkbqchmwptldri/Build/Intermediates.noindex/Numby.build/Debug-iphonesimulator/Numby.build/DerivedSources/GeneratedAssetSymbols.swift


DataModelCompile /Users/uyakauleu/Library/Developer/Xcode/DerivedData/Numby-chkvymqtmudndggkbqchmwptldri/Build/Products/Debug-iphonesimulator/Numby.app/ /Users/uyakauleu/vivy/opensource/numby/Numby/Numby/Numby.xcdatamodeld (in target 'Numby' from project 'Numby')
    cd /Users/uyakauleu/vivy/opensource/numby/Numby
    /Applications/Xcode.app/Contents/Developer/usr/bin/momc --sdkroot /Applications/Xcode.app/Contents/Developer/Platforms/iPhoneSimulator.platform/Developer/SDKs/iPhoneSimulator26.1.sdk --iphonesimulator-deployment-target 17.0 --module Numby /Users/uyakauleu/vivy/opensource/numby/Numby/Numby/Numby.xcdatamodeld /Users/uyakauleu/Library/Developer/Xcode/DerivedData/Numby-chkvymqtmudndggkbqchmwptldri/Build/Products/Debug-iphonesimulator/Numby.app/
Numby.xcdatamodel: note: Model Numby version checksum: 2lt/tOW24cEO4+cEUbqENBL2P+C7qb8gGlEvkEvItVs=

CpResource /Users/uyakauleu/Library/Developer/Xcode/DerivedData/Numby-chkvymqtmudndggkbqchmwptldri/Build/Products/Debug-iphonesimulator/Numby.app/build_ios.log /Users/uyakauleu/vivy/opensource/numby/Numby/Numby/build_ios.log (in target 'Numby' from project 'Numby')
    cd /Users/uyakauleu/vivy/opensource/numby/Numby
    builtin-copy -exclude .DS_Store -exclude CVS -exclude .svn -exclude .git -exclude .hg -resolve-src-symlinks /Users/uyakauleu/vivy/opensource/numby/Numby/Numby/build_ios.log /Users/uyakauleu/Library/Developer/Xcode/DerivedData/Numby-chkvymqtmudndggkbqchmwptldri/Build/Products/Debug-iphonesimulator/Numby.app

CpResource /Users/uyakauleu/Library/Developer/Xcode/DerivedData/Numby-chkvymqtmudndggkbqchmwptldri/Build/Products/Debug-iphonesimulator/Numby.app/TabBarSidebarLayout.md /Users/uyakauleu/vivy/opensource/numby/Numby/Numby/TabBarSidebarLayout.md (in target 'Numby' from project 'Numby')
    cd /Users/uyakauleu/vivy/opensource/numby/Numby
    builtin-copy -exclude .DS_Store -exclude CVS -exclude .svn -exclude .git -exclude .hg -resolve-src-symlinks /Users/uyakauleu/vivy/opensource/numby/Numby/Numby/TabBarSidebarLayout.md /Users/uyakauleu/Library/Developer/Xcode/DerivedData/Numby-chkvymqtmudndggkbqchmwptldri/Build/Products/Debug-iphonesimulator/Numby.app

DataModelCodegen /Users/uyakauleu/vivy/opensource/numby/Numby/Numby/Numby.xcdatamodeld (in target 'Numby' from project 'Numby')
    cd /Users/uyakauleu/vivy/opensource/numby/Numby
    /Applications/Xcode.app/Contents/Developer/usr/bin/momc --action generate --swift-version 5.0 --sdkroot /Applications/Xcode.app/Contents/Developer/Platforms/iPhoneSimulator.platform/Developer/SDKs/iPhoneSimulator26.1.sdk --iphonesimulator-deployment-target 17.0 --module Numby /Users/uyakauleu/vivy/opensource/numby/Numby/Numby/Numby.xcdatamodeld /Users/uyakauleu/Library/Developer/Xcode/DerivedData/Numby-chkvymqtmudndggkbqchmwptldri/Build/Intermediates.noindex/Numby.build/Debug-iphonesimulator/Numby.build/DerivedSources/CoreDataGenerated/Numby

CopyStringsFile /Users/uyakauleu/Library/Developer/Xcode/DerivedData/Numby-chkvymqtmudndggkbqchmwptldri/Build/Products/Debug-iphonesimulator/Numby.app/zh-Hant.lproj/Localizable.strings /Users/uyakauleu/vivy/opensource/numby/Numby/Numby/zh-Hant.lproj/Localizable.strings (in target 'Numby' from project 'Numby')
    cd /Users/uyakauleu/vivy/opensource/numby/Numby
    builtin-copyStrings --validate --outputencoding binary --outfilename Localizable.strings --outdir /Users/uyakauleu/Library/Developer/Xcode/DerivedData/Numby-chkvymqtmudndggkbqchmwptldri/Build/Products/Debug-iphonesimulator/Numby.app/zh-Hant.lproj -- /Users/uyakauleu/vivy/opensource/numby/Numby/Numby/zh-Hant.lproj/Localizable.strings
/Users/uyakauleu/vivy/opensource/numby/Numby/Numby/zh-Hant.lproj/Localizable.strings:1:1: note: detected encoding of input file as Unicode (UTF-8) (in target 'Numby' from project 'Numby')

CopyStringsFile /Users/uyakauleu/Library/Developer/Xcode/DerivedData/Numby-chkvymqtmudndggkbqchmwptldri/Build/Products/Debug-iphonesimulator/Numby.app/zh-Hans.lproj/Localizable.strings /Users/uyakauleu/vivy/opensource/numby/Numby/Numby/zh-Hans.lproj/Localizable.strings (in target 'Numby' from project 'Numby')
    cd /Users/uyakauleu/vivy/opensource/numby/Numby
    builtin-copyStrings --validate --outputencoding binary --outfilename Localizable.strings --outdir /Users/uyakauleu/Library/Developer/Xcode/DerivedData/Numby-chkvymqtmudndggkbqchmwptldri/Build/Products/Debug-iphonesimulator/Numby.app/zh-Hans.lproj -- /Users/uyakauleu/vivy/opensource/numby/Numby/Numby/zh-Hans.lproj/Localizable.strings
/Users/uyakauleu/vivy/opensource/numby/Numby/Numby/zh-Hans.lproj/Localizable.strings:1:1: note: detected encoding of input file as Unicode (UTF-8) (in target 'Numby' from project 'Numby')

CopyStringsFile /Users/uyakauleu/Library/Developer/Xcode/DerivedData/Numby-chkvymqtmudndggkbqchmwptldri/Build/Products/Debug-iphonesimulator/Numby.app/ru.lproj/Localizable.strings /Users/uyakauleu/vivy/opensource/numby/Numby/Numby/ru.lproj/Localizable.strings (in target 'Numby' from project 'Numby')
    cd /Users/uyakauleu/vivy/opensource/numby/Numby
    builtin-copyStrings --validate --outputencoding binary --outfilename Localizable.strings --outdir /Users/uyakauleu/Library/Developer/Xcode/DerivedData/Numby-chkvymqtmudndggkbqchmwptldri/Build/Products/Debug-iphonesimulator/Numby.app/ru.lproj -- /Users/uyakauleu/vivy/opensource/numby/Numby/Numby/ru.lproj/Localizable.strings
/Users/uyakauleu/vivy/opensource/numby/Numby/Numby/ru.lproj/Localizable.strings:1:1: note: detected encoding of input file as Unicode (UTF-8) (in target 'Numby' from project 'Numby')

CopyStringsFile /Users/uyakauleu/Library/Developer/Xcode/DerivedData/Numby-chkvymqtmudndggkbqchmwptldri/Build/Products/Debug-iphonesimulator/Numby.app/ja.lproj/Localizable.strings /Users/uyakauleu/vivy/opensource/numby/Numby/Numby/ja.lproj/Localizable.strings (in target 'Numby' from project 'Numby')
    cd /Users/uyakauleu/vivy/opensource/numby/Numby
    builtin-copyStrings --validate --outputencoding binary --outfilename Localizable.strings --outdir /Users/uyakauleu/Library/Developer/Xcode/DerivedData/Numby-chkvymqtmudndggkbqchmwptldri/Build/Products/Debug-iphonesimulator/Numby.app/ja.lproj -- /Users/uyakauleu/vivy/opensource/numby/Numby/Numby/ja.lproj/Localizable.strings
/Users/uyakauleu/vivy/opensource/numby/Numby/Numby/ja.lproj/Localizable.strings:1:1: note: detected encoding of input file as Unicode (UTF-8) (in target 'Numby' from project 'Numby')

CopyStringsFile /Users/uyakauleu/Library/Developer/Xcode/DerivedData/Numby-chkvymqtmudndggkbqchmwptldri/Build/Products/Debug-iphonesimulator/Numby.app/fr.lproj/Localizable.strings /Users/uyakauleu/vivy/opensource/numby/Numby/Numby/fr.lproj/Localizable.strings (in target 'Numby' from project 'Numby')
    cd /Users/uyakauleu/vivy/opensource/numby/Numby
    builtin-copyStrings --validate --outputencoding binary --outfilename Localizable.strings --outdir /Users/uyakauleu/Library/Developer/Xcode/DerivedData/Numby-chkvymqtmudndggkbqchmwptldri/Build/Products/Debug-iphonesimulator/Numby.app/fr.lproj -- /Users/uyakauleu/vivy/opensource/numby/Numby/Numby/fr.lproj/Localizable.strings
/Users/uyakauleu/vivy/opensource/numby/Numby/Numby/fr.lproj/Localizable.strings:1:1: note: detected encoding of input file as Unicode (UTF-8) (in target 'Numby' from project 'Numby')

CopyStringsFile /Users/uyakauleu/Library/Developer/Xcode/DerivedData/Numby-chkvymqtmudndggkbqchmwptldri/Build/Products/Debug-iphonesimulator/Numby.app/es.lproj/Localizable.strings /Users/uyakauleu/vivy/opensource/numby/Numby/Numby/es.lproj/Localizable.strings (in target 'Numby' from project 'Numby')
    cd /Users/uyakauleu/vivy/opensource/numby/Numby
    builtin-copyStrings --validate --outputencoding binary --outfilename Localizable.strings --outdir /Users/uyakauleu/Library/Developer/Xcode/DerivedData/Numby-chkvymqtmudndggkbqchmwptldri/Build/Products/Debug-iphonesimulator/Numby.app/es.lproj -- /Users/uyakauleu/vivy/opensource/numby/Numby/Numby/es.lproj/Localizable.strings
/Users/uyakauleu/vivy/opensource/numby/Numby/Numby/es.lproj/Localizable.strings:1:1: note: detected encoding of input file as Unicode (UTF-8) (in target 'Numby' from project 'Numby')

CopyStringsFile /Users/uyakauleu/Library/Developer/Xcode/DerivedData/Numby-chkvymqtmudndggkbqchmwptldri/Build/Products/Debug-iphonesimulator/Numby.app/en.lproj/Localizable.strings /Users/uyakauleu/vivy/opensource/numby/Numby/Numby/en.lproj/Localizable.strings (in target 'Numby' from project 'Numby')
    cd /Users/uyakauleu/vivy/opensource/numby/Numby
    builtin-copyStrings --validate --outputencoding binary --outfilename Localizable.strings --outdir /Users/uyakauleu/Library/Developer/Xcode/DerivedData/Numby-chkvymqtmudndggkbqchmwptldri/Build/Products/Debug-iphonesimulator/Numby.app/en.lproj -- /Users/uyakauleu/vivy/opensource/numby/Numby/Numby/en.lproj/Localizable.strings
/Users/uyakauleu/vivy/opensource/numby/Numby/Numby/en.lproj/Localizable.strings:1:1: note: detected encoding of input file as Unicode (UTF-8) (in target 'Numby' from project 'Numby')

CopyStringsFile /Users/uyakauleu/Library/Developer/Xcode/DerivedData/Numby-chkvymqtmudndggkbqchmwptldri/Build/Products/Debug-iphonesimulator/Numby.app/de.lproj/Localizable.strings /Users/uyakauleu/vivy/opensource/numby/Numby/Numby/de.lproj/Localizable.strings (in target 'Numby' from project 'Numby')
    cd /Users/uyakauleu/vivy/opensource/numby/Numby
    builtin-copyStrings --validate --outputencoding binary --outfilename Localizable.strings --outdir /Users/uyakauleu/Library/Developer/Xcode/DerivedData/Numby-chkvymqtmudndggkbqchmwptldri/Build/Products/Debug-iphonesimulator/Numby.app/de.lproj -- /Users/uyakauleu/vivy/opensource/numby/Numby/Numby/de.lproj/Localizable.strings
/Users/uyakauleu/vivy/opensource/numby/Numby/Numby/de.lproj/Localizable.strings:1:1: note: detected encoding of input file as Unicode (UTF-8) (in target 'Numby' from project 'Numby')

CopyStringsFile /Users/uyakauleu/Library/Developer/Xcode/DerivedData/Numby-chkvymqtmudndggkbqchmwptldri/Build/Products/Debug-iphonesimulator/Numby.app/be.lproj/Localizable.strings /Users/uyakauleu/vivy/opensource/numby/Numby/Numby/be.lproj/Localizable.strings (in target 'Numby' from project 'Numby')
    cd /Users/uyakauleu/vivy/opensource/numby/Numby
    builtin-copyStrings --validate --outputencoding binary --outfilename Localizable.strings --outdir /Users/uyakauleu/Library/Developer/Xcode/DerivedData/Numby-chkvymqtmudndggkbqchmwptldri/Build/Products/Debug-iphonesimulator/Numby.app/be.lproj -- /Users/uyakauleu/vivy/opensource/numby/Numby/Numby/be.lproj/Localizable.strings
/Users/uyakauleu/vivy/opensource/numby/Numby/Numby/be.lproj/Localizable.strings:1:1: note: detected encoding of input file as Unicode (UTF-8) (in target 'Numby' from project 'Numby')

CompileAssetCatalogVariant thinned /Users/uyakauleu/Library/Developer/Xcode/DerivedData/Numby-chkvymqtmudndggkbqchmwptldri/Build/Products/Debug-iphonesimulator/Numby.app /Users/uyakauleu/vivy/opensource/numby/Numby/Numby/Assets.xcassets (in target 'Numby' from project 'Numby')
    cd /Users/uyakauleu/vivy/opensource/numby/Numby
    /Applications/Xcode.app/Contents/Developer/usr/bin/actool /Users/uyakauleu/vivy/opensource/numby/Numby/Numby/Assets.xcassets --compile /Users/uyakauleu/Library/Developer/Xcode/DerivedData/Numby-chkvymqtmudndggkbqchmwptldri/Build/Intermediates.noindex/Numby.build/Debug-iphonesimulator/Numby.build/assetcatalog_output/thinned --output-format human-readable-text --notices --warnings --export-dependency-info /Users/uyakauleu/Library/Developer/Xcode/DerivedData/Numby-chkvymqtmudndggkbqchmwptldri/Build/Intermediates.noindex/Numby.build/Debug-iphonesimulator/Numby.build/assetcatalog_dependencies_thinned --output-partial-info-plist /Users/uyakauleu/Library/Developer/Xcode/DerivedData/Numby-chkvymqtmudndggkbqchmwptldri/Build/Intermediates.noindex/Numby.build/Debug-iphonesimulator/Numby.build/assetcatalog_generated_info.plist_thinned --app-icon AppIcon --accent-color AccentColor --compress-pngs --enable-on-demand-resources YES --filter-for-thinning-device-configuration iPhone18,3 --filter-for-device-os-version 26.1 --development-region en --target-device iphone --target-device ipad --minimum-deployment-target 17.0 --platform iphonesimulator
/Users/uyakauleu/vivy/opensource/numby/Numby/Numby/Core/FileHandler.swift:8:8: error: Unable to find module dependency: 'Cocoa'
import Cocoa
       ^
/Users/uyakauleu/vivy/opensource/numby/Numby/Numby/Core/FileHandler.swift:8:8: note: a dependency of main module 'Numby'
import Cocoa
       ^
/Users/uyakauleu/vivy/opensource/numby/Numby/Numby/Core/MainSplitViewController.swift:8:8: note: also imported here
import Cocoa
       ^
/Users/uyakauleu/vivy/opensource/numby/Numby/Numby/Core/NSView+Extensions.swift:8:8: note: also imported here
import Cocoa
       ^
/Users/uyakauleu/vivy/opensource/numby/Numby/Numby/Features/History/HistorySidebarViewController.swift:8:8: note: also imported here
import Cocoa
       ^
/Users/uyakauleu/vivy/opensource/numby/Numby/Numby/Core/FocuslessHosting.swift:9:8: error: Unable to find module dependency: 'AppKit'
import AppKit
       ^
/Users/uyakauleu/vivy/opensource/numby/Numby/Numby/Core/FocuslessHosting.swift:9:8: note: a dependency of main module 'Numby'
import AppKit
       ^
/Users/uyakauleu/vivy/opensource/numby/Numby/Numby/Core/SplitView.swift:9:8: note: also imported here
import AppKit
       ^
/Users/uyakauleu/vivy/opensource/numby/Numby/Numby/Core/WindowManager.swift:9:8: note: also imported here
import AppKit
       ^
/Users/uyakauleu/vivy/opensource/numby/Numby/Numby/Features/History/HistorySidebarView.swift:9:8: note: also imported here
import AppKit
       ^

SwiftDriver Numby normal arm64 com.apple.xcode.tools.swift.compiler (in target 'Numby' from project 'Numby')
    cd /Users/uyakauleu/vivy/opensource/numby/Numby
    builtin-SwiftDriver -- /Applications/Xcode.app/Contents/Developer/Toolchains/XcodeDefault.xctoolchain/usr/bin/swiftc -module-name Numby -Onone -enforce-exclusivity\=checked @/Users/uyakauleu/Library/Developer/Xcode/DerivedData/Numby-chkvymqtmudndggkbqchmwptldri/Build/Intermediates.noindex/Numby.build/Debug-iphonesimulator/Numby.build/Objects-normal/arm64/Numby.SwiftFileList -DDEBUG -default-isolation\=MainActor -enable-bare-slash-regex -enable-upcoming-feature DisableOutwardActorInference -enable-upcoming-feature InferSendableFromCaptures -enable-upcoming-feature GlobalActorIsolatedTypesUsability -enable-upcoming-feature MemberImportVisibility -enable-upcoming-feature InferIsolatedConformances -enable-upcoming-feature NonisolatedNonsendingByDefault -enable-experimental-feature DebugDescriptionMacro -sdk /Applications/Xcode.app/Contents/Developer/Platforms/iPhoneSimulator.platform/Developer/SDKs/iPhoneSimulator26.1.sdk -target arm64-apple-ios17.0-simulator -g -module-cache-path /Users/uyakauleu/Library/Developer/Xcode/DerivedData/ModuleCache.noindex -Xfrontend -serialize-debugging-options -profile-coverage-mapping -profile-generate -enable-testing -index-store-path /Users/uyakauleu/Library/Developer/Xcode/DerivedData/Numby-chkvymqtmudndggkbqchmwptldri/Index.noindex/DataStore -Xcc -D_LIBCPP_HARDENING_MODE\=_LIBCPP_HARDENING_MODE_DEBUG -swift-version 5 -I /Users/uyakauleu/Library/Developer/Xcode/DerivedData/Numby-chkvymqtmudndggkbqchmwptldri/Build/Products/Debug-iphonesimulator -F /Users/uyakauleu/Library/Developer/Xcode/DerivedData/Numby-chkvymqtmudndggkbqchmwptldri/Build/Products/Debug-iphonesimulator -emit-localized-strings -emit-localized-strings-path /Users/uyakauleu/Library/Developer/Xcode/DerivedData/Numby-chkvymqtmudndggkbqchmwptldri/Build/Intermediates.noindex/Numby.build/Debug-iphonesimulator/Numby.build/Objects-normal/arm64 -c -j10 -enable-batch-mode -incremental -Xcc -ivfsstatcache -Xcc /Users/uyakauleu/Library/Developer/Xcode/DerivedData/SDKStatCaches.noindex/iphonesimulator26.1-23B77-3885c01c3e6b6a337905948deab2002e90cf18a4295e390e64c810bc6bd7acbc.sdkstatcache -output-file-map /Users/uyakauleu/Library/Developer/Xcode/DerivedData/Numby-chkvymqtmudndggkbqchmwptldri/Build/Intermediates.noindex/Numby.build/Debug-iphonesimulator/Numby.build/Objects-normal/arm64/Numby-OutputFileMap.json -use-frontend-parseable-output -save-temps -no-color-diagnostics -explicit-module-build -module-cache-path /Users/uyakauleu/Library/Developer/Xcode/DerivedData/Numby-chkvymqtmudndggkbqchmwptldri/Build/Intermediates.noindex/SwiftExplicitPrecompiledModules -clang-scanner-module-cache-path /Users/uyakauleu/Library/Developer/Xcode/DerivedData/ModuleCache.noindex -sdk-module-cache-path /Users/uyakauleu/Library/Developer/Xcode/DerivedData/ModuleCache.noindex -serialize-diagnostics -emit-dependencies -emit-module -emit-module-path /Users/uyakauleu/Library/Developer/Xcode/DerivedData/Numby-chkvymqtmudndggkbqchmwptldri/Build/Intermediates.noindex/Numby.build/Debug-iphonesimulator/Numby.build/Objects-normal/arm64/Numby.swiftmodule -validate-clang-modules-once -clang-build-session-file /Users/uyakauleu/Library/Developer/Xcode/DerivedData/ModuleCache.noindex/Session.modulevalidation -Xcc -I/Users/uyakauleu/Library/Developer/Xcode/DerivedData/Numby-chkvymqtmudndggkbqchmwptldri/Build/Intermediates.noindex/Numby.build/Debug-iphonesimulator/Numby.build/swift-overrides.hmap -emit-const-values -Xfrontend -const-gather-protocols-file -Xfrontend /Users/uyakauleu/Library/Developer/Xcode/DerivedData/Numby-chkvymqtmudndggkbqchmwptldri/Build/Intermediates.noindex/Numby.build/Debug-iphonesimulator/Numby.build/Objects-normal/arm64/Numby_const_extract_protocols.json -Xcc -iquote -Xcc /Users/uyakauleu/Library/Developer/Xcode/DerivedData/Numby-chkvymqtmudndggkbqchmwptldri/Build/Intermediates.noindex/Numby.build/Debug-iphonesimulator/Numby.build/Numby-generated-files.hmap -Xcc -I/Users/uyakauleu/Library/Developer/Xcode/DerivedData/Numby-chkvymqtmudndggkbqchmwptldri/Build/Intermediates.noindex/Numby.build/Debug-iphonesimulator/Numby.build/Numby-own-target-headers.hmap -Xcc -I/Users/uyakauleu/Library/Developer/Xcode/DerivedData/Numby-chkvymqtmudndggkbqchmwptldri/Build/Intermediates.noindex/Numby.build/Debug-iphonesimulator/Numby.build/Numby-all-target-headers.hmap -Xcc -iquote -Xcc /Users/uyakauleu/Library/Developer/Xcode/DerivedData/Numby-chkvymqtmudndggkbqchmwptldri/Build/Intermediates.noindex/Numby.build/Debug-iphonesimulator/Numby.build/Numby-project-headers.hmap -Xcc -I/Users/uyakauleu/Library/Developer/Xcode/DerivedData/Numby-chkvymqtmudndggkbqchmwptldri/Build/Products/Debug-iphonesimulator/include -Xcc -I/Users/uyakauleu/Library/Developer/Xcode/DerivedData/Numby-chkvymqtmudndggkbqchmwptldri/Build/Intermediates.noindex/Numby.build/Debug-iphonesimulator/Numby.build/DerivedSources-normal/arm64 -Xcc -I/Users/uyakauleu/Library/Developer/Xcode/DerivedData/Numby-chkvymqtmudndggkbqchmwptldri/Build/Intermediates.noindex/Numby.build/Debug-iphonesimulator/Numby.build/DerivedSources/arm64 -Xcc -I/Users/uyakauleu/Library/Developer/Xcode/DerivedData/Numby-chkvymqtmudndggkbqchmwptldri/Build/Intermediates.noindex/Numby.build/Debug-iphonesimulator/Numby.build/DerivedSources -Xcc -DDEBUG\=1 -emit-objc-header -emit-objc-header-path /Users/uyakauleu/Library/Developer/Xcode/DerivedData/Numby-chkvymqtmudndggkbqchmwptldri/Build/Intermediates.noindex/Numby.build/Debug-iphonesimulator/Numby.build/Objects-normal/arm64/Numby-Swift.h -import-objc-header /Users/uyakauleu/vivy/opensource/numby/Numby/Numby/Numby-Bridging-Header.h -working-directory /Users/uyakauleu/vivy/opensource/numby/Numby -experimental-emit-module-separately -disable-cmo
/Users/uyakauleu/vivy/opensource/numby/Numby/Numby/Core/FileHandler.swift:8:8: error: Unable to find module dependency: 'Cocoa'
import Cocoa
       ^ (in target 'Numby' from project 'Numby')
/Users/uyakauleu/vivy/opensource/numby/Numby/Numby/Core/FileHandler.swift:8:8: note: A dependency of main module 'Numby'
import Cocoa
       ^ (in target 'Numby' from project 'Numby')
/Users/uyakauleu/vivy/opensource/numby/Numby/Numby/Core/MainSplitViewController.swift:8:8: note: Also imported here
import Cocoa
       ^ (in target 'Numby' from project 'Numby')
/Users/uyakauleu/vivy/opensource/numby/Numby/Numby/Core/NSView+Extensions.swift:8:8: note: Also imported here
import Cocoa
       ^ (in target 'Numby' from project 'Numby')
/Users/uyakauleu/vivy/opensource/numby/Numby/Numby/Features/History/HistorySidebarViewController.swift:8:8: note: Also imported here
import Cocoa
       ^ (in target 'Numby' from project 'Numby')
/Users/uyakauleu/vivy/opensource/numby/Numby/Numby/Core/FocuslessHosting.swift:9:8: error: Unable to find module dependency: 'AppKit'
import AppKit
       ^ (in target 'Numby' from project 'Numby')
/Users/uyakauleu/vivy/opensource/numby/Numby/Numby/Core/FocuslessHosting.swift:9:8: note: A dependency of main module 'Numby'
import AppKit
       ^ (in target 'Numby' from project 'Numby')
/Users/uyakauleu/vivy/opensource/numby/Numby/Numby/Core/SplitView.swift:9:8: note: Also imported here
import AppKit
       ^ (in target 'Numby' from project 'Numby')
/Users/uyakauleu/vivy/opensource/numby/Numby/Numby/Core/WindowManager.swift:9:8: note: Also imported here
import AppKit
       ^ (in target 'Numby' from project 'Numby')
/Users/uyakauleu/vivy/opensource/numby/Numby/Numby/Features/History/HistorySidebarView.swift:9:8: note: Also imported here
import AppKit
       ^ (in target 'Numby' from project 'Numby')

note: Disabling hardened runtime with ad-hoc codesigning. (in target 'Numby' from project 'Numby')
** BUILD FAILED **


The following build commands failed:
	SwiftDriver Numby normal arm64 com.apple.xcode.tools.swift.compiler (in target 'Numby' from project 'Numby')
	Building project Numby with scheme Numby
(2 failures)
